{
  "RSpec": {
    "coverage": {
      "/Users/rodrigo/www/gitlab/netshow_me/showmyvideo/spec/features/users_spec.rb": [
        null,
        null,
        1,
        null,
        null,
        1,
        1,
        1,
        1,
        1,
        1,
        null,
        null,
        1,
        1,
        1,
        1,
        1,
        1,
        1,
        1,
        null,
        null,
        null,
        null,
        null,
        null,
        null,
        null,
        null,
        null,
        null,
        null,
        null,
        1,
        1,
        1,
        1,
        1,
        1,
        null,
        1,
        1,
        1,
        1,
        1,
        1,
        1,
        null,
        null,
        1,
        1,
        1,
        1,
        1,
        1,
        null,
        1,
        1,
        1,
        1,
        1,
        1,
        1,
        null,
        null,
        1,
        1,
        1,
        1,
        1,
        1,
        null,
        1,
        1,
        1,
        1,
        null,
        null,
        1,
        1,
        1,
        1,
        1,
        1,
        null,
        1,
        1,
        1,
        1,
        null,
        null,
        1,
        1,
        1,
        1,
        1,
        1,
        null,
        1,
        1,
        1,
        1,
        1,
        null,
        1,
        1,
        null,
        null,
        1,
        1,
        1,
        1,
        1,
        1,
        null,
        1,
        1,
        1,
        1,
        1,
        null,
        1,
        null,
        null,
        1,
        1,
        1,
        1,
        1,
        1,
        null,
        1,
        1,
        1,
        1,
        1,
        1,
        1,
        null,
        null,
        1,
        1,
        1,
        1,
        1,
        1,
        null,
        1,
        1,
        1,
        1,
        1,
        1,
        1,
        1,
        1,
        null,
        null,
        1,
        1,
        1,
        1,
        1,
        null,
        null,
        null,
        null,
        null,
        null,
        null
      ],
      "/Users/rodrigo/www/gitlab/netshow_me/showmyvideo/spec/rails_helper.rb": [
        null,
        1,
        1,
        1,
        null,
        1,
        1,
        1,
        1,
        null,
        null,
        null,
        null,
        null,
        null,
        null,
        null,
        null,
        null,
        null,
        null,
        null,
        null,
        null,
        3,
        null,
        null,
        null,
        1,
        1,
        null,
        0,
        0,
        null,
        1,
        null,
        1,
        null,
        null,
        null,
        null,
        null,
        null,
        null,
        null,
        null,
        null,
        null,
        null,
        null,
        null,
        null,
        null,
        null,
        null,
        null,
        1,
        null,
        null,
        1,
        null,
        null,
        null,
        1,
        null,
        null,
        1,
        null,
        1,
        1,
        null,
        null,
        1,
        10,
        10,
        null,
        null,
        null,
        null,
        null,
        1,
        1,
        1,
        1,
        null,
        null,
        1,
        10,
        null,
        null,
        null,
        1,
        1,
        1,
        1,
        null,
        null
      ],
      "/Users/rodrigo/www/gitlab/netshow_me/showmyvideo/config/environment.rb": [
        null,
        1,
        null,
        null,
        1
      ],
      "/Users/rodrigo/www/gitlab/netshow_me/showmyvideo/config/application.rb": [
        1,
        null,
        1,
        null,
        1,
        1,
        1,
        1,
        1,
        1,
        1,
        1,
        1,
        null,
        null,
        null,
        null,
        1,
        null,
        1,
        1,
        null,
        1,
        null,
        null,
        null,
        null,
        null,
        null,
        null,
        1,
        1,
        1,
        1,
        1,
        null,
        null
      ],
      "/Users/rodrigo/www/gitlab/netshow_me/showmyvideo/config/boot.rb": [
        1,
        null,
        1,
        1
      ],
      "/Users/rodrigo/www/gitlab/netshow_me/showmyvideo/config/environments/test.rb": [
        1,
        null,
        null,
        null,
        null,
        null,
        null,
        1,
        null,
        null,
        null,
        null,
        1,
        null,
        null,
        1,
        1,
        null,
        null,
        null,
        null,
        1,
        1,
        null,
        null,
        1,
        null,
        null,
        1,
        null,
        null,
        1,
        null,
        1,
        null,
        null,
        null,
        null,
        1,
        null,
        null,
        1,
        null,
        null,
        null,
        null
      ],
      "/Users/rodrigo/www/gitlab/netshow_me/showmyvideo/config/initializers/application_controller_renderer.rb": [
        null,
        null,
        null,
        null,
        null,
        null,
        null,
        null
      ],
      "/Users/rodrigo/www/gitlab/netshow_me/showmyvideo/config/initializers/assets.rb": [
        null,
        null,
        null,
        1,
        null,
        null,
        null,
        null,
        1,
        null,
        null,
        null,
        null,
        1
      ],
      "/Users/rodrigo/www/gitlab/netshow_me/showmyvideo/config/initializers/backtrace_silencers.rb": [
        null,
        null,
        null,
        null,
        null,
        null,
        null
      ],
      "/Users/rodrigo/www/gitlab/netshow_me/showmyvideo/config/initializers/content_security_policy.rb": [
        null,
        null,
        null,
        null,
        null,
        null,
        null,
        null,
        null,
        null,
        null,
        null,
        null,
        null,
        null,
        null,
        null,
        null,
        null,
        null,
        null,
        null,
        null,
        null,
        null
      ],
      "/Users/rodrigo/www/gitlab/netshow_me/showmyvideo/config/initializers/cookies_serializer.rb": [
        null,
        null,
        null,
        null,
        1
      ],
      "/Users/rodrigo/www/gitlab/netshow_me/showmyvideo/config/initializers/devise.rb": [
        null,
        null,
        null,
        null,
        1,
        null,
        null,
        null,
        null,
        null,
        null,
        null,
        null,
        null,
        null,
        null,
        null,
        null,
        null,
        null,
        1,
        null,
        null,
        null,
        null,
        null,
        null,
        null,
        null,
        null,
        null,
        null,
        1,
        null,
        null,
        null,
        null,
        null,
        null,
        null,
        null,
        null,
        null,
        null,
        null,
        null,
        null,
        null,
        null,
        null,
        null,
        null,
        null,
        null,
        1,
        null,
        null,
        null,
        null,
        1,
        null,
        null,
        null,
        null,
        null,
        null,
        null,
        null,
        null,
        null,
        null,
        null,
        null,
        null,
        null,
        null,
        null,
        null,
        null,
        null,
        null,
        null,
        null,
        null,
        null,
        null,
        null,
        null,
        null,
        null,
        1,
        null,
        null,
        null,
        null,
        null,
        null,
        null,
        null,
        null,
        null,
        null,
        null,
        null,
        null,
        null,
        null,
        null,
        null,
        null,
        null,
        null,
        null,
        1,
        null,
        null,
        null,
        null,
        null,
        null,
        null,
        null,
        null,
        null,
        null,
        null,
        null,
        null,
        null,
        null,
        null,
        null,
        null,
        null,
        null,
        null,
        null,
        null,
        null,
        null,
        null,
        null,
        null,
        null,
        1,
        null,
        null,
        null,
        null,
        null,
        null,
        null,
        null,
        null,
        1,
        null,
        null,
        null,
        null,
        null,
        null,
        null,
        null,
        null,
        null,
        1,
        null,
        null,
        null,
        null,
        1,
        null,
        null,
        null,
        null,
        null,
        null,
        null,
        null,
        null,
        null,
        null,
        null,
        null,
        null,
        null,
        null,
        null,
        null,
        null,
        null,
        null,
        null,
        null,
        null,
        null,
        null,
        null,
        null,
        null,
        null,
        null,
        null,
        null,
        null,
        null,
        null,
        null,
        null,
        null,
        null,
        1,
        null,
        null,
        null,
        null,
        null,
        null,
        null,
        null,
        null,
        null,
        null,
        null,
        null,
        null,
        null,
        null,
        null,
        null,
        null,
        null,
        null,
        null,
        null,
        null,
        null,
        null,
        null,
        null,
        null,
        null,
        null,
        null,
        null,
        null,
        null,
        null,
        null,
        null,
        null,
        null,
        null,
        1,
        null,
        null,
        null,
        null,
        null,
        null,
        null,
        null,
        null,
        null,
        null,
        null,
        null,
        null,
        null,
        null,
        null,
        null,
        null,
        null,
        null,
        null,
        null,
        null,
        null,
        null,
        null,
        null,
        null,
        null,
        null,
        null,
        null,
        null,
        null,
        null
      ],
      "/Users/rodrigo/www/gitlab/netshow_me/showmyvideo/config/initializers/filter_parameter_logging.rb": [
        null,
        null,
        null,
        1
      ],
      "/Users/rodrigo/www/gitlab/netshow_me/showmyvideo/config/initializers/inflections.rb": [
        null,
        null,
        null,
        null,
        null,
        null,
        null,
        null,
        null,
        null,
        null,
        null,
        null,
        null,
        null,
        null
      ],
      "/Users/rodrigo/www/gitlab/netshow_me/showmyvideo/config/initializers/mime_types.rb": [
        null,
        null,
        null,
        null
      ],
      "/Users/rodrigo/www/gitlab/netshow_me/showmyvideo/config/initializers/wrap_parameters.rb": [
        null,
        null,
        null,
        null,
        null,
        null,
        1,
        2,
        null,
        null,
        null,
        null,
        null,
        null
      ],
      "/Users/rodrigo/www/gitlab/netshow_me/showmyvideo/spec/factories/users.rb": [
        null,
        null,
        1,
        1,
        13,
        13,
        13,
        13,
        null,
        null
      ],
      "/Users/rodrigo/www/gitlab/netshow_me/showmyvideo/config/routes.rb": [
        1,
        1,
        1,
        1,
        1,
        null
      ],
      "/Users/rodrigo/www/gitlab/netshow_me/showmyvideo/app/models/user.rb": [
        1,
        null,
        null,
        1,
        null,
        1,
        null
      ],
      "/Users/rodrigo/www/gitlab/netshow_me/showmyvideo/app/models/application_record.rb": [
        1,
        1,
        null
      ],
      "/Users/rodrigo/www/gitlab/netshow_me/showmyvideo/app/helpers/application_helper.rb": [
        1,
        null
      ],
      "/Users/rodrigo/www/gitlab/netshow_me/showmyvideo/spec/support/factory_bot.rb": [
        null,
        null,
        1,
        1,
        null
      ],
      "/Users/rodrigo/www/gitlab/netshow_me/showmyvideo/spec/support/wait_until.rb": [
        null,
        null,
        1,
        0,
        0,
        0,
        0,
        null,
        null
      ],
      "/Users/rodrigo/www/gitlab/netshow_me/showmyvideo/app/controllers/users_controller.rb": [
        null,
        null,
        1,
        1,
        null,
        1,
        null,
        null,
        null,
        1,
        14,
        14,
        null,
        null,
        null,
        null,
        null,
        1,
        null,
        null,
        1,
        6,
        null,
        null,
        null,
        1,
        null,
        null,
        null,
        1,
        6,
        null,
        6,
        6,
        4,
        2,
        null,
        8,
        4,
        null,
        null,
        null,
        null,
        null,
        null,
        1,
        2,
        2,
        1,
        2,
        1,
        null,
        2,
        1,
        null,
        null,
        null,
        null,
        null,
        null,
        1,
        0,
        0,
        0,
        null,
        null,
        null,
        1,
        null,
        null,
        1,
        4,
        null,
        null,
        null,
        1,
        8,
        null,
        null,
        null
      ],
      "/Users/rodrigo/www/gitlab/netshow_me/showmyvideo/app/controllers/application_controller.rb": [
        1,
        1,
        null,
        1,
        null,
        1,
        37,
        10,
        null,
        27,
        null,
        null,
        null
      ]
    },
    "timestamp": 1542911291
  }
}
